<?xml version="1.0" encoding="UTF-8"?>
<testng-results skipped="0" failed="0" total="1" passed="1">
  <reporter-output>
  </reporter-output>
  <suite name="PracticeTest.Practice2" duration-ms="27" started-at="2022-12-22T11:20:54Z" finished-at="2022-12-22T11:20:54Z">
    <groups>
    </groups>
    <test name="Command line test" duration-ms="27" started-at="2022-12-22T11:20:54Z" finished-at="2022-12-22T11:20:54Z">
      <class name="PracticeTest.Practice2">
        <test-method status="PASS" signature="test()[pri:0, instance:PracticeTest.Practice2@32d992b2]" name="test" duration-ms="10" started-at="2022-12-22T16:50:54Z" finished-at="2022-12-22T16:50:54Z">
          <reporter-output>
          </reporter-output>
        </test-method> <!-- test -->
      </class> <!-- PracticeTest.Practice2 -->
    </test> <!-- Command line test -->
  </suite> <!-- PracticeTest.Practice2 -->
</testng-results>
