<?xml version="1.0" encoding="UTF-8"?>
<testng-results ignored="0" total="1" passed="1" failed="0" skipped="0">
  <reporter-output>
  </reporter-output>
  <suite started-at="2022-12-21T16:21:13 IST" name="Default suite" finished-at="2022-12-21T16:23:14 IST" duration-ms="120877">
    <groups>
    </groups>
    <test started-at="2022-12-21T16:21:13 IST" name="Default test" finished-at="2022-12-21T16:23:14 IST" duration-ms="120877">
      <class name="Nisha.MyCuteBaby">
        <test-method signature="test()[pri:0, instance:Nisha.MyCuteBaby@25fb8912]" started-at="2022-12-21T16:21:13 IST" name="test" finished-at="2022-12-21T16:23:14 IST" duration-ms="120815" status="PASS">
          <reporter-output>
          </reporter-output>
        </test-method> <!-- test -->
      </class> <!-- Nisha.MyCuteBaby -->
    </test> <!-- Default test -->
  </suite> <!-- Default suite -->
</testng-results>
