<?xml version="1.0" encoding="UTF-8"?>
<testng-results ignored="0" total="1" passed="1" failed="0" skipped="0">
  <reporter-output>
  </reporter-output>
  <suite started-at="2022-12-22T16:50:10 IST" name="Default suite" finished-at="2022-12-22T16:50:10 IST" duration-ms="59">
    <groups>
    </groups>
    <test started-at="2022-12-22T16:50:10 IST" name="Default test" finished-at="2022-12-22T16:50:10 IST" duration-ms="59">
      <class name="PracticeTest.Practice2">
        <test-method signature="test()[pri:0, instance:PracticeTest.Practice2@18d87d80]" started-at="2022-12-22T16:50:10 IST" name="test" finished-at="2022-12-22T16:50:10 IST" duration-ms="10" status="PASS">
          <reporter-output>
          </reporter-output>
        </test-method> <!-- test -->
      </class> <!-- PracticeTest.Practice2 -->
    </test> <!-- Default test -->
  </suite> <!-- Default suite -->
</testng-results>
